2017-07-25 4:37:27 - PHP Notice:  Undefined variable: new in /www/roza-art.com/new/root/system/storage/modification/admin/view/template/extension/modification.tpl on line 6
2017-07-25 4:37:27 - PHP Notice:  Undefined variable: button_new in /www/roza-art.com/new/root/system/storage/modification/admin/view/template/extension/modification.tpl on line 6
2017-07-25 4:37:27 - PHP Notice:  Undefined index: edit in /www/roza-art.com/new/root/system/storage/modification/admin/view/template/extension/modification.tpl on line 96
2017-07-25 4:37:27 - PHP Notice:  Undefined variable: button_edit in /www/roza-art.com/new/root/system/storage/modification/admin/view/template/extension/modification.tpl on line 96
2017-07-25 4:37:27 - PHP Notice:  Undefined index: download in /www/roza-art.com/new/root/system/storage/modification/admin/view/template/extension/modification.tpl on line 97
2017-07-25 4:37:27 - PHP Notice:  Undefined variable: button_download in /www/roza-art.com/new/root/system/storage/modification/admin/view/template/extension/modification.tpl on line 97
2017-07-25 4:37:27 - PHP Notice:  Undefined index: edit in /www/roza-art.com/new/root/system/storage/modification/admin/view/template/extension/modification.tpl on line 96
2017-07-25 4:37:27 - PHP Notice:  Undefined variable: button_edit in /www/roza-art.com/new/root/system/storage/modification/admin/view/template/extension/modification.tpl on line 96
2017-07-25 4:37:27 - PHP Notice:  Undefined index: download in /www/roza-art.com/new/root/system/storage/modification/admin/view/template/extension/modification.tpl on line 97
2017-07-25 4:37:27 - PHP Notice:  Undefined variable: button_download in /www/roza-art.com/new/root/system/storage/modification/admin/view/template/extension/modification.tpl on line 97
2017-07-25 4:37:27 - PHP Notice:  Undefined index: edit in /www/roza-art.com/new/root/system/storage/modification/admin/view/template/extension/modification.tpl on line 96
2017-07-25 4:37:27 - PHP Notice:  Undefined variable: button_edit in /www/roza-art.com/new/root/system/storage/modification/admin/view/template/extension/modification.tpl on line 96
2017-07-25 4:37:27 - PHP Notice:  Undefined index: download in /www/roza-art.com/new/root/system/storage/modification/admin/view/template/extension/modification.tpl on line 97
2017-07-25 4:37:27 - PHP Notice:  Undefined variable: button_download in /www/roza-art.com/new/root/system/storage/modification/admin/view/template/extension/modification.tpl on line 97
2017-07-25 4:37:27 - PHP Notice:  Undefined index: edit in /www/roza-art.com/new/root/system/storage/modification/admin/view/template/extension/modification.tpl on line 96
2017-07-25 4:37:27 - PHP Notice:  Undefined variable: button_edit in /www/roza-art.com/new/root/system/storage/modification/admin/view/template/extension/modification.tpl on line 96
2017-07-25 4:37:27 - PHP Notice:  Undefined index: download in /www/roza-art.com/new/root/system/storage/modification/admin/view/template/extension/modification.tpl on line 97
2017-07-25 4:37:27 - PHP Notice:  Undefined variable: button_download in /www/roza-art.com/new/root/system/storage/modification/admin/view/template/extension/modification.tpl on line 97
2017-07-28 21:59:06 - PHP Notice:  Undefined index: disp_manu_id_11 in /www/roza-art.com/new/root/catalog/view/theme/so-t1fashion/template/extension/module/so_filter_shop_by/default_manufacturer.tpl on line 21
2017-07-28 22:00:04 - PHP Notice:  Undefined index: disp_manu_id_11 in /www/roza-art.com/new/root/catalog/view/theme/so-t1fashion/template/extension/module/so_filter_shop_by/default_manufacturer.tpl on line 21
2017-07-31 14:53:53 - PHP Notice:  Undefined index: disp_manu_id_11 in /www/roza-art.com/new/root/catalog/view/theme/so-t1fashion/template/extension/module/so_filter_shop_by/default_manufacturer.tpl on line 21
2017-08-07 5:11:07 - PHP Notice:  Undefined index: disp_manu_id_11 in /www/roza-art.com/new/root/catalog/view/theme/so-t1fashion/template/extension/module/so_filter_shop_by/default_manufacturer.tpl on line 21
2017-08-07 5:11:13 - PHP Notice:  Undefined index: disp_manu_id_11 in /www/roza-art.com/new/root/catalog/view/theme/so-t1fashion/template/extension/module/so_filter_shop_by/default_manufacturer.tpl on line 21
2017-08-07 5:13:12 - PHP Notice:  Undefined index: disp_manu_id_11 in /www/roza-art.com/new/root/catalog/view/theme/so-t1fashion/template/extension/module/so_filter_shop_by/default_manufacturer.tpl on line 21
2017-08-07 5:13:18 - PHP Notice:  Undefined index: disp_manu_id_11 in /www/roza-art.com/new/root/catalog/view/theme/so-t1fashion/template/extension/module/so_filter_shop_by/default_manufacturer.tpl on line 21
2017-08-07 5:13:36 - PHP Notice:  Undefined variable: count_reviews in /www/roza-art.com/new/root/catalog/view/theme/so-t1fashion/template/product/product.tpl on line 218
2017-08-07 5:13:36 - PHP Notice:  Undefined variable: price_value in /www/roza-art.com/new/root/catalog/view/theme/so-t1fashion/template/product/product.tpl on line 230
2017-08-07 5:13:36 - PHP Notice:  Undefined variable: currency in /www/roza-art.com/new/root/catalog/view/theme/so-t1fashion/template/product/product.tpl on line 230
2017-08-08 19:37:44 - PHP Notice:  Undefined index: disp_manu_id_11 in /www/roza-art.com/new/root/catalog/view/theme/so-t1fashion/template/extension/module/so_filter_shop_by/default_manufacturer.tpl on line 21
2017-08-08 19:37:50 - PHP Notice:  Undefined index: disp_manu_id_11 in /www/roza-art.com/new/root/catalog/view/theme/so-t1fashion/template/extension/module/so_filter_shop_by/default_manufacturer.tpl on line 21
2017-08-08 19:38:12 - PHP Notice:  Undefined variable: count_reviews in /www/roza-art.com/new/root/catalog/view/theme/so-t1fashion/template/product/product.tpl on line 218
2017-08-08 19:38:12 - PHP Notice:  Undefined variable: price_value in /www/roza-art.com/new/root/catalog/view/theme/so-t1fashion/template/product/product.tpl on line 230
2017-08-08 19:38:12 - PHP Notice:  Undefined variable: currency in /www/roza-art.com/new/root/catalog/view/theme/so-t1fashion/template/product/product.tpl on line 230
2017-08-08 19:41:32 - PHP Notice:  Undefined index: disp_manu_id_11 in /www/roza-art.com/new/root/catalog/view/theme/so-t1fashion/template/extension/module/so_filter_shop_by/default_manufacturer.tpl on line 21
2017-08-08 19:41:38 - PHP Notice:  Undefined index: disp_manu_id_11 in /www/roza-art.com/new/root/catalog/view/theme/so-t1fashion/template/extension/module/so_filter_shop_by/default_manufacturer.tpl on line 21
2017-08-08 19:41:57 - PHP Notice:  Undefined variable: count_reviews in /www/roza-art.com/new/root/catalog/view/theme/so-t1fashion/template/product/product.tpl on line 218
2017-08-08 19:41:57 - PHP Notice:  Undefined variable: price_value in /www/roza-art.com/new/root/catalog/view/theme/so-t1fashion/template/product/product.tpl on line 230
2017-08-08 19:41:57 - PHP Notice:  Undefined variable: currency in /www/roza-art.com/new/root/catalog/view/theme/so-t1fashion/template/product/product.tpl on line 230
2017-08-08 19:50:57 - PHP Notice:  Undefined variable: count_reviews in /www/roza-art.com/new/root/catalog/view/theme/so-t1fashion/template/product/product.tpl on line 218
2017-08-08 19:50:57 - PHP Notice:  Undefined variable: price_value in /www/roza-art.com/new/root/catalog/view/theme/so-t1fashion/template/product/product.tpl on line 230
2017-08-08 19:50:57 - PHP Notice:  Undefined variable: currency in /www/roza-art.com/new/root/catalog/view/theme/so-t1fashion/template/product/product.tpl on line 230
2017-08-08 19:51:21 - PHP Notice:  Undefined index: disp_manu_id_11 in /www/roza-art.com/new/root/catalog/view/theme/so-t1fashion/template/extension/module/so_filter_shop_by/default_manufacturer.tpl on line 21
2017-08-08 19:51:26 - PHP Notice:  Undefined index: disp_manu_id_11 in /www/roza-art.com/new/root/catalog/view/theme/so-t1fashion/template/extension/module/so_filter_shop_by/default_manufacturer.tpl on line 21
2017-08-08 19:53:53 - PHP Notice:  Undefined index: disp_manu_id_11 in /www/roza-art.com/new/root/catalog/view/theme/so-t1fashion/template/extension/module/so_filter_shop_by/default_manufacturer.tpl on line 21
2017-08-08 19:54:33 - PHP Notice:  Undefined index: disp_manu_id_11 in /www/roza-art.com/new/root/catalog/view/theme/so-t1fashion/template/extension/module/so_filter_shop_by/default_manufacturer.tpl on line 21
2017-08-08 20:01:54 - PHP Notice:  Undefined index: disp_manu_id_11 in /www/roza-art.com/new/root/catalog/view/theme/so-t1fashion/template/extension/module/so_filter_shop_by/default_manufacturer.tpl on line 21
2017-08-08 20:03:01 - PHP Notice:  Undefined index: disp_manu_id_11 in /www/roza-art.com/new/root/catalog/view/theme/so-t1fashion/template/extension/module/so_filter_shop_by/default_manufacturer.tpl on line 21
2017-08-08 20:04:08 - PHP Notice:  Undefined index: disp_manu_id_11 in /www/roza-art.com/new/root/catalog/view/theme/so-t1fashion/template/extension/module/so_filter_shop_by/default_manufacturer.tpl on line 21
2017-08-08 20:07:29 - PHP Notice:  Undefined index: disp_manu_id_11 in /www/roza-art.com/new/root/catalog/view/theme/so-t1fashion/template/extension/module/so_filter_shop_by/default_manufacturer.tpl on line 21
2017-08-08 20:08:11 - PHP Notice:  Undefined index: disp_manu_id_11 in /www/roza-art.com/new/root/catalog/view/theme/so-t1fashion/template/extension/module/so_filter_shop_by/default_manufacturer.tpl on line 21
2017-08-08 20:08:17 - PHP Notice:  Undefined index: disp_manu_id_11 in /www/roza-art.com/new/root/catalog/view/theme/so-t1fashion/template/extension/module/so_filter_shop_by/default_manufacturer.tpl on line 21
2017-08-08 20:08:22 - PHP Notice:  Undefined index: disp_manu_id_11 in /www/roza-art.com/new/root/catalog/view/theme/so-t1fashion/template/extension/module/so_filter_shop_by/default_manufacturer.tpl on line 21
2017-08-08 20:08:28 - PHP Notice:  Undefined index: disp_manu_id_11 in /www/roza-art.com/new/root/catalog/view/theme/so-t1fashion/template/extension/module/so_filter_shop_by/default_manufacturer.tpl on line 21
2017-08-08 20:08:34 - PHP Notice:  Undefined index: disp_manu_id_11 in /www/roza-art.com/new/root/catalog/view/theme/so-t1fashion/template/extension/module/so_filter_shop_by/default_manufacturer.tpl on line 21
2017-08-08 20:08:39 - PHP Notice:  Undefined index: disp_manu_id_11 in /www/roza-art.com/new/root/catalog/view/theme/so-t1fashion/template/extension/module/so_filter_shop_by/default_manufacturer.tpl on line 21
2017-08-08 20:08:45 - PHP Notice:  Undefined index: disp_manu_id_11 in /www/roza-art.com/new/root/catalog/view/theme/so-t1fashion/template/extension/module/so_filter_shop_by/default_manufacturer.tpl on line 21
2017-08-08 20:08:59 - PHP Notice:  Undefined index: disp_manu_id_11 in /www/roza-art.com/new/root/catalog/view/theme/so-t1fashion/template/extension/module/so_filter_shop_by/default_manufacturer.tpl on line 21
2017-08-08 20:09:05 - PHP Notice:  Undefined index: disp_manu_id_11 in /www/roza-art.com/new/root/catalog/view/theme/so-t1fashion/template/extension/module/so_filter_shop_by/default_manufacturer.tpl on line 21
2017-08-08 20:09:32 - PHP Notice:  Undefined index: disp_manu_id_11 in /www/roza-art.com/new/root/catalog/view/theme/so-t1fashion/template/extension/module/so_filter_shop_by/default_manufacturer.tpl on line 21
2017-08-08 20:14:43 - PHP Notice:  Undefined index: image in /www/roza-art.com/new/root/system/storage/modification/catalog/controller/extension/module/so_filter_shop_by.php on line 302
2017-08-08 20:14:43 - PHP Notice:  Undefined index: price in /www/roza-art.com/new/root/system/storage/modification/catalog/controller/extension/module/so_filter_shop_by.php on line 308
2017-08-08 20:14:43 - PHP Notice:  Undefined index: tax_class_id in /www/roza-art.com/new/root/system/storage/modification/catalog/controller/extension/module/so_filter_shop_by.php on line 308
2017-08-08 20:14:43 - PHP Notice:  Undefined index: special in /www/roza-art.com/new/root/system/storage/modification/catalog/controller/extension/module/so_filter_shop_by.php on line 314
2017-08-08 20:14:43 - PHP Notice:  Undefined index: special in /www/roza-art.com/new/root/system/storage/modification/catalog/controller/extension/module/so_filter_shop_by.php on line 321
2017-08-08 20:14:43 - PHP Notice:  Undefined index: price in /www/roza-art.com/new/root/system/storage/modification/catalog/controller/extension/module/so_filter_shop_by.php on line 321
2017-08-08 20:14:43 - PHP Notice:  Undefined index: rating in /www/roza-art.com/new/root/system/storage/modification/catalog/controller/extension/module/so_filter_shop_by.php on line 327
2017-08-08 20:14:43 - PHP Notice:  Undefined index: description in /www/roza-art.com/new/root/system/storage/modification/catalog/controller/extension/module/so_filter_shop_by.php on line 331
2017-08-08 20:14:43 - PHP Notice:  Undefined index: special in /www/roza-art.com/new/root/system/storage/modification/catalog/controller/extension/module/so_filter_shop_by.php on line 366
2017-08-08 20:14:43 - PHP Notice:  Undefined index: image in /www/roza-art.com/new/root/system/storage/modification/catalog/controller/extension/module/so_filter_shop_by.php on line 302
2017-08-08 20:14:43 - PHP Notice:  Undefined index: price in /www/roza-art.com/new/root/system/storage/modification/catalog/controller/extension/module/so_filter_shop_by.php on line 308
2017-08-08 20:14:43 - PHP Notice:  Undefined index: tax_class_id in /www/roza-art.com/new/root/system/storage/modification/catalog/controller/extension/module/so_filter_shop_by.php on line 308
2017-08-08 20:14:43 - PHP Notice:  Undefined index: special in /www/roza-art.com/new/root/system/storage/modification/catalog/controller/extension/module/so_filter_shop_by.php on line 314
2017-08-08 20:14:43 - PHP Notice:  Undefined index: special in /www/roza-art.com/new/root/system/storage/modification/catalog/controller/extension/module/so_filter_shop_by.php on line 321
2017-08-08 20:14:43 - PHP Notice:  Undefined index: price in /www/roza-art.com/new/root/system/storage/modification/catalog/controller/extension/module/so_filter_shop_by.php on line 321
2017-08-08 20:14:43 - PHP Notice:  Undefined index: rating in /www/roza-art.com/new/root/system/storage/modification/catalog/controller/extension/module/so_filter_shop_by.php on line 327
2017-08-08 20:14:43 - PHP Notice:  Undefined index: description in /www/roza-art.com/new/root/system/storage/modification/catalog/controller/extension/module/so_filter_shop_by.php on line 331
2017-08-08 20:14:43 - PHP Notice:  Undefined index: special in /www/roza-art.com/new/root/system/storage/modification/catalog/controller/extension/module/so_filter_shop_by.php on line 366
2017-08-08 20:14:43 - PHP Notice:  Undefined index: product_id in /www/roza-art.com/new/root/system/storage/modification/catalog/controller/extension/module/so_filter_shop_by.php on line 371
2017-08-08 20:14:43 - PHP Notice:  Undefined index: date_available in /www/roza-art.com/new/root/system/storage/modification/catalog/controller/extension/module/so_filter_shop_by.php on line 380
2017-08-08 20:14:43 - PHP Notice:  Undefined index: product_id in /www/roza-art.com/new/root/system/storage/modification/catalog/controller/extension/module/so_filter_shop_by.php on line 382
2017-08-08 20:14:43 - PHP Notice:  Undefined index: image in /www/roza-art.com/new/root/system/storage/modification/catalog/controller/extension/module/so_filter_shop_by.php on line 383
2017-08-08 20:14:43 - PHP Notice:  Undefined index: product_id in /www/roza-art.com/new/root/system/storage/modification/catalog/controller/extension/module/so_filter_shop_by.php on line 386
2017-08-08 20:14:43 - PHP Notice:  Undefined index: name in /www/roza-art.com/new/root/system/storage/modification/catalog/controller/extension/module/so_filter_shop_by.php on line 388
2017-08-08 20:14:43 - PHP Notice:  Undefined index: minimum in /www/roza-art.com/new/root/system/storage/modification/catalog/controller/extension/module/so_filter_shop_by.php on line 393
2017-08-08 20:14:43 - PHP Notice:  Undefined index: rating in /www/roza-art.com/new/root/system/storage/modification/catalog/controller/extension/module/so_filter_shop_by.php on line 394
2017-08-08 20:14:43 - PHP Notice:  Undefined index: product_id in /www/roza-art.com/new/root/system/storage/modification/catalog/controller/extension/module/so_filter_shop_by.php on line 395
2017-08-08 20:14:43 - PHP Notice:  Undefined index: product_id in /www/roza-art.com/new/root/system/storage/modification/catalog/controller/extension/module/so_filter_shop_by.php on line 398
2017-08-08 20:14:50 - PHP Notice:  Undefined index: image in /www/roza-art.com/new/root/system/storage/modification/catalog/controller/extension/module/so_filter_shop_by.php on line 302
2017-08-08 20:14:50 - PHP Notice:  Undefined index: price in /www/roza-art.com/new/root/system/storage/modification/catalog/controller/extension/module/so_filter_shop_by.php on line 308
2017-08-08 20:14:50 - PHP Notice:  Undefined index: tax_class_id in /www/roza-art.com/new/root/system/storage/modification/catalog/controller/extension/module/so_filter_shop_by.php on line 308
2017-08-08 20:14:50 - PHP Notice:  Undefined index: special in /www/roza-art.com/new/root/system/storage/modification/catalog/controller/extension/module/so_filter_shop_by.php on line 314
2017-08-08 20:14:50 - PHP Notice:  Undefined index: special in /www/roza-art.com/new/root/system/storage/modification/catalog/controller/extension/module/so_filter_shop_by.php on line 321
2017-08-08 20:14:50 - PHP Notice:  Undefined index: price in /www/roza-art.com/new/root/system/storage/modification/catalog/controller/extension/module/so_filter_shop_by.php on line 321
2017-08-08 20:14:50 - PHP Notice:  Undefined index: rating in /www/roza-art.com/new/root/system/storage/modification/catalog/controller/extension/module/so_filter_shop_by.php on line 327
2017-08-08 20:14:50 - PHP Notice:  Undefined index: description in /www/roza-art.com/new/root/system/storage/modification/catalog/controller/extension/module/so_filter_shop_by.php on line 331
2017-08-08 20:14:50 - PHP Notice:  Undefined index: special in /www/roza-art.com/new/root/system/storage/modification/catalog/controller/extension/module/so_filter_shop_by.php on line 366
2017-08-08 20:14:50 - PHP Notice:  Undefined index: product_id in /www/roza-art.com/new/root/system/storage/modification/catalog/controller/extension/module/so_filter_shop_by.php on line 371
2017-08-08 20:14:50 - PHP Notice:  Undefined index: date_available in /www/roza-art.com/new/root/system/storage/modification/catalog/controller/extension/module/so_filter_shop_by.php on line 380
2017-08-08 20:14:50 - PHP Notice:  Undefined index: product_id in /www/roza-art.com/new/root/system/storage/modification/catalog/controller/extension/module/so_filter_shop_by.php on line 382
2017-08-08 20:14:50 - PHP Notice:  Undefined index: image in /www/roza-art.com/new/root/system/storage/modification/catalog/controller/extension/module/so_filter_shop_by.php on line 383
2017-08-08 20:14:50 - PHP Notice:  Undefined index: product_id in /www/roza-art.com/new/root/system/storage/modification/catalog/controller/extension/module/so_filter_shop_by.php on line 386
2017-08-08 20:14:50 - PHP Notice:  Undefined index: name in /www/roza-art.com/new/root/system/storage/modification/catalog/controller/extension/module/so_filter_shop_by.php on line 388
2017-08-08 20:14:50 - PHP Notice:  Undefined index: minimum in /www/roza-art.com/new/root/system/storage/modification/catalog/controller/extension/module/so_filter_shop_by.php on line 393
2017-08-08 20:14:50 - PHP Notice:  Undefined index: rating in /www/roza-art.com/new/root/system/storage/modification/catalog/controller/extension/module/so_filter_shop_by.php on line 394
2017-08-08 20:14:50 - PHP Notice:  Undefined index: product_id in /www/roza-art.com/new/root/system/storage/modification/catalog/controller/extension/module/so_filter_shop_by.php on line 395
2017-08-08 20:14:50 - PHP Notice:  Undefined index: product_id in /www/roza-art.com/new/root/system/storage/modification/catalog/controller/extension/module/so_filter_shop_by.php on line 398
2017-08-08 20:15:44 - PHP Notice:  Undefined index: type_layout in /www/roza-art.com/new/root/admin/view/template/extension/module/so_html_content.tpl on line 95
2017-08-08 21:10:23 - PHP Notice:  Undefined index: type_layout in /www/roza-art.com/new/root/admin/view/template/extension/module/so_listing_tabs.tpl on line 186
2017-08-08 21:10:23 - PHP Notice:  Undefined index: type_layout in /www/roza-art.com/new/root/admin/view/template/extension/module/so_listing_tabs.tpl on line 186
2017-08-08 21:12:12 - PHP Notice:  Undefined index: type_layout in /www/roza-art.com/new/root/admin/view/template/extension/module/so_extra_slider.tpl on line 181
2017-08-08 21:12:12 - PHP Notice:  Undefined index: type_layout in /www/roza-art.com/new/root/admin/view/template/extension/module/so_extra_slider.tpl on line 181
2017-08-08 21:12:12 - PHP Notice:  Undefined index: type_layout in /www/roza-art.com/new/root/admin/view/template/extension/module/so_extra_slider.tpl on line 181
2017-08-09 4:34:59 - PHP Notice:  Undefined variable: count_reviews in /www/roza-art.com/new/root/catalog/view/theme/so-t1fashion/template/product/product.tpl on line 218
2017-08-09 4:34:59 - PHP Notice:  Undefined variable: price_value in /www/roza-art.com/new/root/catalog/view/theme/so-t1fashion/template/product/product.tpl on line 230
2017-08-09 4:34:59 - PHP Notice:  Undefined variable: currency in /www/roza-art.com/new/root/catalog/view/theme/so-t1fashion/template/product/product.tpl on line 230
2017-08-09 4:38:23 - PHP Notice:  Undefined variable: count_reviews in /www/roza-art.com/new/root/catalog/view/theme/so-t1fashion/template/product/product.tpl on line 218
2017-08-09 4:38:23 - PHP Notice:  Undefined variable: price_value in /www/roza-art.com/new/root/catalog/view/theme/so-t1fashion/template/product/product.tpl on line 230
2017-08-09 4:38:23 - PHP Notice:  Undefined variable: currency in /www/roza-art.com/new/root/catalog/view/theme/so-t1fashion/template/product/product.tpl on line 230
2017-08-09 4:38:54 - PHP Notice:  Undefined variable: count_reviews in /www/roza-art.com/new/root/catalog/view/theme/so-t1fashion/template/product/product.tpl on line 218
2017-08-09 4:38:54 - PHP Notice:  Undefined variable: price_value in /www/roza-art.com/new/root/catalog/view/theme/so-t1fashion/template/product/product.tpl on line 230
2017-08-09 4:38:54 - PHP Notice:  Undefined variable: currency in /www/roza-art.com/new/root/catalog/view/theme/so-t1fashion/template/product/product.tpl on line 230
2017-08-09 7:08:42 - PHP Notice:  Undefined variable: count_reviews in /www/roza-art.com/new/root/catalog/view/theme/so-t1fashion/template/product/product.tpl on line 218
2017-08-09 7:08:42 - PHP Notice:  Undefined variable: price_value in /www/roza-art.com/new/root/catalog/view/theme/so-t1fashion/template/product/product.tpl on line 230
2017-08-09 7:08:42 - PHP Notice:  Undefined variable: currency in /www/roza-art.com/new/root/catalog/view/theme/so-t1fashion/template/product/product.tpl on line 230
2017-08-09 19:58:40 - PHP Notice:  Undefined index: type_layout in /www/roza-art.com/new/root/admin/view/template/extension/module/so_listing_tabs.tpl on line 186
2017-08-09 19:58:40 - PHP Notice:  Undefined index: type_layout in /www/roza-art.com/new/root/admin/view/template/extension/module/so_listing_tabs.tpl on line 186
2017-08-10 4:59:51 - PHP Notice:  Undefined variable: count_reviews in /www/roza-art.com/new/root/catalog/view/theme/so-t1fashion/template/product/product.tpl on line 218
2017-08-10 4:59:51 - PHP Notice:  Undefined variable: price_value in /www/roza-art.com/new/root/catalog/view/theme/so-t1fashion/template/product/product.tpl on line 230
2017-08-10 4:59:51 - PHP Notice:  Undefined variable: currency in /www/roza-art.com/new/root/catalog/view/theme/so-t1fashion/template/product/product.tpl on line 230
2017-08-10 8:44:31 - PHP Notice:  Undefined variable: count_reviews in /www/roza-art.com/new/root/catalog/view/theme/so-t1fashion/template/product/product.tpl on line 218
2017-08-10 8:44:31 - PHP Notice:  Undefined variable: price_value in /www/roza-art.com/new/root/catalog/view/theme/so-t1fashion/template/product/product.tpl on line 230
2017-08-10 8:44:31 - PHP Notice:  Undefined variable: currency in /www/roza-art.com/new/root/catalog/view/theme/so-t1fashion/template/product/product.tpl on line 230
2017-08-10 21:24:12 - PHP Notice:  Undefined variable: count_reviews in /www/roza-art.com/new/root/catalog/view/theme/so-t1fashion/template/product/product.tpl on line 218
2017-08-10 21:24:12 - PHP Notice:  Undefined variable: price_value in /www/roza-art.com/new/root/catalog/view/theme/so-t1fashion/template/product/product.tpl on line 230
2017-08-10 21:24:12 - PHP Notice:  Undefined variable: currency in /www/roza-art.com/new/root/catalog/view/theme/so-t1fashion/template/product/product.tpl on line 230
2017-08-16 21:10:19 - PHP Notice:  Undefined index: type_layout in /www/roza-art.com/new/root/admin/view/template/extension/module/so_html_content.tpl on line 95
2017-08-16 21:12:07 - PHP Notice:  Undefined index: type_layout in /www/roza-art.com/new/root/admin/view/template/extension/module/so_html_content.tpl on line 95
2017-08-16 21:14:01 - PHP Notice:  Undefined index: type_layout in /www/roza-art.com/new/root/admin/view/template/extension/module/so_html_content.tpl on line 95
2017-08-16 21:17:50 - PHP Notice:  Undefined index: type_layout in /www/roza-art.com/new/root/admin/view/template/extension/module/so_html_content.tpl on line 95
2017-08-17 4:59:46 - PHP Notice:  Undefined variable: count_reviews in /www/roza-art.com/new/root/catalog/view/theme/so-t1fashion/template/product/product.tpl on line 218
2017-08-17 4:59:46 - PHP Notice:  Undefined variable: price_value in /www/roza-art.com/new/root/catalog/view/theme/so-t1fashion/template/product/product.tpl on line 230
2017-08-17 4:59:46 - PHP Notice:  Undefined variable: currency in /www/roza-art.com/new/root/catalog/view/theme/so-t1fashion/template/product/product.tpl on line 230
2017-08-18 4:50:50 - PHP Notice:  Undefined index: type_layout in /www/roza-art.com/new/root/admin/view/template/extension/module/so_listing_tabs.tpl on line 186
2017-08-18 4:50:50 - PHP Notice:  Undefined index: type_layout in /www/roza-art.com/new/root/admin/view/template/extension/module/so_listing_tabs.tpl on line 186
2017-08-18 4:58:43 - PHP Notice:  Undefined index: type_layout in /www/roza-art.com/new/root/admin/view/template/extension/module/so_html_content.tpl on line 95
2017-08-18 7:30:58 - PHP Notice:  Undefined index: type_layout in /www/roza-art.com/new/root/admin/view/template/extension/module/so_html_content.tpl on line 95
2017-08-18 7:32:04 - PHP Notice:  Undefined index: type_layout in /www/roza-art.com/new/root/admin/view/template/extension/module/so_html_content.tpl on line 95
2017-08-18 7:32:38 - PHP Notice:  Undefined index: type_layout in /www/roza-art.com/new/root/admin/view/template/extension/module/so_html_content.tpl on line 95
2017-08-18 7:33:35 - PHP Notice:  Undefined index: type_layout in /www/roza-art.com/new/root/admin/view/template/extension/module/so_html_content.tpl on line 95
2017-08-18 7:35:11 - PHP Notice:  Undefined index: type_layout in /www/roza-art.com/new/root/admin/view/template/extension/module/so_html_content.tpl on line 95
2017-08-22 3:45:02 - PHP Notice:  Undefined variable: count_reviews in /www/roza-art.com/new/root/catalog/view/theme/so-t1fashion/template/product/product.tpl on line 218
2017-08-22 3:45:02 - PHP Notice:  Undefined variable: price_value in /www/roza-art.com/new/root/catalog/view/theme/so-t1fashion/template/product/product.tpl on line 230
2017-08-22 3:45:02 - PHP Notice:  Undefined variable: currency in /www/roza-art.com/new/root/catalog/view/theme/so-t1fashion/template/product/product.tpl on line 230
2017-08-22 3:45:44 - PHP Notice:  Undefined variable: count_reviews in /www/roza-art.com/new/root/catalog/view/theme/so-t1fashion/template/product/product.tpl on line 218
2017-08-22 3:45:44 - PHP Notice:  Undefined variable: price_value in /www/roza-art.com/new/root/catalog/view/theme/so-t1fashion/template/product/product.tpl on line 230
2017-08-22 3:45:44 - PHP Notice:  Undefined variable: currency in /www/roza-art.com/new/root/catalog/view/theme/so-t1fashion/template/product/product.tpl on line 230
2017-08-22 3:45:50 - PHP Notice:  Undefined variable: count_reviews in /www/roza-art.com/new/root/catalog/view/theme/so-t1fashion/template/product/product.tpl on line 218
2017-08-22 3:45:50 - PHP Notice:  Undefined variable: price_value in /www/roza-art.com/new/root/catalog/view/theme/so-t1fashion/template/product/product.tpl on line 230
2017-08-22 3:45:50 - PHP Notice:  Undefined variable: currency in /www/roza-art.com/new/root/catalog/view/theme/so-t1fashion/template/product/product.tpl on line 230
2017-08-22 4:36:32 - PHP Notice:  Undefined index: type_layout in /www/roza-art.com/new/root/admin/view/template/extension/module/so_html_content.tpl on line 95
2017-08-22 4:44:59 - PHP Notice:  Undefined variable: count_reviews in /www/roza-art.com/new/root/catalog/view/theme/so-t1fashion/template/product/product.tpl on line 218
2017-08-22 4:44:59 - PHP Notice:  Undefined variable: price_value in /www/roza-art.com/new/root/catalog/view/theme/so-t1fashion/template/product/product.tpl on line 230
2017-08-22 4:44:59 - PHP Notice:  Undefined variable: currency in /www/roza-art.com/new/root/catalog/view/theme/so-t1fashion/template/product/product.tpl on line 230
2017-08-22 11:11:55 - PHP Notice:  Undefined index: type_layout in /www/roza-art.com/new/root/admin/view/template/extension/module/so_listing_tabs.tpl on line 186
2017-08-22 11:11:55 - PHP Notice:  Undefined index: type_layout in /www/roza-art.com/new/root/admin/view/template/extension/module/so_listing_tabs.tpl on line 186
2017-08-22 11:13:01 - PHP Notice:  Undefined index: type_layout in /www/roza-art.com/new/root/admin/view/template/extension/module/so_listing_tabs.tpl on line 186
2017-08-22 11:13:01 - PHP Notice:  Undefined index: type_layout in /www/roza-art.com/new/root/admin/view/template/extension/module/so_listing_tabs.tpl on line 186
2017-08-22 11:22:08 - PHP Notice:  Undefined index: type_layout in /www/roza-art.com/new/root/admin/view/template/extension/module/so_html_content.tpl on line 95
2017-08-22 11:23:29 - PHP Notice:  Undefined index: type_layout in /www/roza-art.com/new/root/admin/view/template/extension/module/so_html_content.tpl on line 95
2017-08-22 15:40:06 - PHP Notice:  Undefined index: type_layout in /www/roza-art.com/new/root/admin/view/template/extension/module/so_html_content.tpl on line 95
2017-08-23 4:24:45 - PHP Notice:  Undefined index: type_layout in /www/roza-art.com/new/root/admin/view/template/extension/module/so_html_content.tpl on line 95
2017-08-23 4:33:35 - PHP Notice:  Undefined variable: count_reviews in /www/roza-art.com/new/root/catalog/view/theme/so-t1fashion/template/product/product.tpl on line 218
2017-08-23 4:33:35 - PHP Notice:  Undefined variable: price_value in /www/roza-art.com/new/root/catalog/view/theme/so-t1fashion/template/product/product.tpl on line 230
2017-08-23 4:33:35 - PHP Notice:  Undefined variable: currency in /www/roza-art.com/new/root/catalog/view/theme/so-t1fashion/template/product/product.tpl on line 230
2017-08-23 4:40:35 - PHP Notice:  Undefined variable: count_reviews in /www/roza-art.com/new/root/catalog/view/theme/so-t1fashion/template/product/product.tpl on line 218
2017-08-23 4:40:35 - PHP Notice:  Undefined variable: price_value in /www/roza-art.com/new/root/catalog/view/theme/so-t1fashion/template/product/product.tpl on line 230
2017-08-23 4:40:35 - PHP Notice:  Undefined variable: currency in /www/roza-art.com/new/root/catalog/view/theme/so-t1fashion/template/product/product.tpl on line 230
2017-08-23 4:56:44 - PHP Notice:  Undefined index: type_layout in /www/roza-art.com/new/root/admin/view/template/extension/module/so_listing_tabs.tpl on line 186
2017-08-23 4:56:44 - PHP Notice:  Undefined index: type_layout in /www/roza-art.com/new/root/admin/view/template/extension/module/so_listing_tabs.tpl on line 186
2017-08-23 5:00:36 - PHP Notice:  Undefined index: type_layout in /www/roza-art.com/new/root/admin/view/template/extension/module/so_extra_slider.tpl on line 181
2017-08-23 5:00:36 - PHP Notice:  Undefined index: type_layout in /www/roza-art.com/new/root/admin/view/template/extension/module/so_extra_slider.tpl on line 181
2017-08-23 5:00:36 - PHP Notice:  Undefined index: type_layout in /www/roza-art.com/new/root/admin/view/template/extension/module/so_extra_slider.tpl on line 181
2017-08-23 5:01:49 - PHP Notice:  Undefined variable: count_reviews in /www/roza-art.com/new/root/catalog/view/theme/so-t1fashion/template/product/product.tpl on line 218
2017-08-23 5:01:49 - PHP Notice:  Undefined variable: price_value in /www/roza-art.com/new/root/catalog/view/theme/so-t1fashion/template/product/product.tpl on line 230
2017-08-23 5:01:49 - PHP Notice:  Undefined variable: currency in /www/roza-art.com/new/root/catalog/view/theme/so-t1fashion/template/product/product.tpl on line 230
2017-08-23 5:02:16 - PHP Notice:  Undefined index: type_layout in /www/roza-art.com/new/root/admin/view/template/extension/module/so_html_content.tpl on line 95
2017-08-23 5:03:30 - PHP Notice:  Undefined variable: count_reviews in /www/roza-art.com/new/root/catalog/view/theme/so-t1fashion/template/product/product.tpl on line 218
2017-08-23 5:03:30 - PHP Notice:  Undefined variable: price_value in /www/roza-art.com/new/root/catalog/view/theme/so-t1fashion/template/product/product.tpl on line 230
2017-08-23 5:03:30 - PHP Notice:  Undefined variable: currency in /www/roza-art.com/new/root/catalog/view/theme/so-t1fashion/template/product/product.tpl on line 230
2017-08-23 5:05:09 - PHP Notice:  Undefined index: type_layout in /www/roza-art.com/new/root/admin/view/template/extension/module/so_listing_tabs.tpl on line 186
2017-08-23 5:05:09 - PHP Notice:  Undefined index: type_layout in /www/roza-art.com/new/root/admin/view/template/extension/module/so_listing_tabs.tpl on line 186
2017-08-23 8:58:43 - PHP Notice:  Undefined variable: count_reviews in /www/roza-art.com/new/root/catalog/view/theme/so-t1fashion/template/product/product.tpl on line 218
2017-08-23 8:58:43 - PHP Notice:  Undefined variable: price_value in /www/roza-art.com/new/root/catalog/view/theme/so-t1fashion/template/product/product.tpl on line 230
2017-08-23 8:58:43 - PHP Notice:  Undefined variable: currency in /www/roza-art.com/new/root/catalog/view/theme/so-t1fashion/template/product/product.tpl on line 230
2017-08-23 8:59:30 - PHP Notice:  Undefined variable: count_reviews in /www/roza-art.com/new/root/catalog/view/theme/so-t1fashion/template/product/product.tpl on line 218
2017-08-23 8:59:30 - PHP Notice:  Undefined variable: price_value in /www/roza-art.com/new/root/catalog/view/theme/so-t1fashion/template/product/product.tpl on line 230
2017-08-23 8:59:30 - PHP Notice:  Undefined variable: currency in /www/roza-art.com/new/root/catalog/view/theme/so-t1fashion/template/product/product.tpl on line 230
2017-08-24 4:23:44 - PHP Notice:  Undefined index: type_layout in /www/roza-art.com/new/root/admin/view/template/extension/module/so_extra_slider.tpl on line 181
2017-08-24 4:23:44 - PHP Notice:  Undefined index: type_layout in /www/roza-art.com/new/root/admin/view/template/extension/module/so_extra_slider.tpl on line 181
2017-08-24 4:23:44 - PHP Notice:  Undefined index: type_layout in /www/roza-art.com/new/root/admin/view/template/extension/module/so_extra_slider.tpl on line 181
2017-08-24 4:26:41 - PHP Notice:  Undefined index: type_layout in /www/roza-art.com/new/root/admin/view/template/extension/module/so_html_content.tpl on line 95
2017-08-24 4:31:21 - PHP Notice:  Undefined variable: count_reviews in /www/roza-art.com/new/root/catalog/view/theme/so-t1fashion/template/product/product.tpl on line 218
2017-08-24 4:31:21 - PHP Notice:  Undefined variable: price_value in /www/roza-art.com/new/root/catalog/view/theme/so-t1fashion/template/product/product.tpl on line 230
2017-08-24 4:31:21 - PHP Notice:  Undefined variable: currency in /www/roza-art.com/new/root/catalog/view/theme/so-t1fashion/template/product/product.tpl on line 230
2017-08-24 4:31:24 - PHP Notice:  Undefined index: type_layout in /www/roza-art.com/new/root/admin/view/template/extension/module/so_listing_tabs.tpl on line 186
2017-08-24 4:31:24 - PHP Notice:  Undefined index: type_layout in /www/roza-art.com/new/root/admin/view/template/extension/module/so_listing_tabs.tpl on line 186
2017-08-26 5:41:12 - PHP Notice:  Undefined index: type_layout in /www/roza-art.com/new/root/admin/view/template/extension/module/so_basic_products.tpl on line 178
2017-08-26 5:41:12 - PHP Notice:  Undefined index: type_layout in /www/roza-art.com/new/root/admin/view/template/extension/module/so_basic_products.tpl on line 178
2017-08-26 6:03:17 - PHP Notice:  Undefined index: type_layout in /www/roza-art.com/new/root/admin/view/template/extension/module/so_html_content.tpl on line 95
2017-08-26 6:08:55 - PHP Notice:  Undefined variable: category_list in /www/roza-art.com/new/root/catalog/controller/extension/module/so_page_builder.php on line 371
2017-08-26 6:08:55 - PHP Warning:  array_map(): Argument #2 should be an array in /www/roza-art.com/new/root/catalog/controller/extension/module/so_page_builder.php on line 371
2017-08-26 6:08:55 - PHP Warning:  implode(): Invalid arguments passed in /www/roza-art.com/new/root/catalog/controller/extension/module/so_page_builder.php on line 371
2017-08-27 5:44:28 - PHP Notice:  Undefined variable: count_reviews in /www/roza-art.com/new/root/catalog/view/theme/so-t1fashion/template/product/product.tpl on line 218
2017-08-27 5:44:28 - PHP Notice:  Undefined variable: price_value in /www/roza-art.com/new/root/catalog/view/theme/so-t1fashion/template/product/product.tpl on line 230
2017-08-27 5:44:28 - PHP Notice:  Undefined variable: currency in /www/roza-art.com/new/root/catalog/view/theme/so-t1fashion/template/product/product.tpl on line 230
2017-08-27 5:44:47 - PHP Notice:  Undefined variable: count_reviews in /www/roza-art.com/new/root/catalog/view/theme/so-t1fashion/template/product/product.tpl on line 218
2017-08-27 5:44:47 - PHP Notice:  Undefined variable: price_value in /www/roza-art.com/new/root/catalog/view/theme/so-t1fashion/template/product/product.tpl on line 230
2017-08-27 5:44:47 - PHP Notice:  Undefined variable: currency in /www/roza-art.com/new/root/catalog/view/theme/so-t1fashion/template/product/product.tpl on line 230
2017-08-27 5:44:59 - PHP Notice:  Undefined variable: count_reviews in /www/roza-art.com/new/root/catalog/view/theme/so-t1fashion/template/product/product.tpl on line 218
2017-08-27 5:44:59 - PHP Notice:  Undefined variable: price_value in /www/roza-art.com/new/root/catalog/view/theme/so-t1fashion/template/product/product.tpl on line 230
2017-08-27 5:44:59 - PHP Notice:  Undefined variable: currency in /www/roza-art.com/new/root/catalog/view/theme/so-t1fashion/template/product/product.tpl on line 230
2017-08-27 5:46:00 - PHP Notice:  Undefined variable: count_reviews in /www/roza-art.com/new/root/catalog/view/theme/so-t1fashion/template/product/product.tpl on line 218
2017-08-27 5:46:00 - PHP Notice:  Undefined variable: price_value in /www/roza-art.com/new/root/catalog/view/theme/so-t1fashion/template/product/product.tpl on line 230
2017-08-27 5:46:00 - PHP Notice:  Undefined variable: currency in /www/roza-art.com/new/root/catalog/view/theme/so-t1fashion/template/product/product.tpl on line 230
2017-08-29 4:42:32 - PHP Notice:  Undefined index: type_layout in /www/roza-art.com/new/root/admin/view/template/extension/module/so_listing_tabs.tpl on line 186
2017-08-29 4:42:33 - PHP Notice:  Undefined index: type_layout in /www/roza-art.com/new/root/admin/view/template/extension/module/so_listing_tabs.tpl on line 186
2017-08-29 4:42:42 - PHP Notice:  Undefined index: type_layout in /www/roza-art.com/new/root/admin/view/template/extension/module/so_extra_slider.tpl on line 181
2017-08-29 4:42:42 - PHP Notice:  Undefined index: type_layout in /www/roza-art.com/new/root/admin/view/template/extension/module/so_extra_slider.tpl on line 181
2017-08-29 4:42:42 - PHP Notice:  Undefined index: type_layout in /www/roza-art.com/new/root/admin/view/template/extension/module/so_extra_slider.tpl on line 181
2017-08-29 4:47:49 - PHP Notice:  Undefined index: type_layout in /www/roza-art.com/new/root/admin/view/template/extension/module/so_html_content.tpl on line 95
2017-08-29 4:50:14 - PHP Notice:  Undefined index: type_layout in /www/roza-art.com/new/root/admin/view/template/extension/module/so_html_content.tpl on line 95
2017-08-31 5:21:24 - PHP Notice:  Undefined variable: count_reviews in /www/roza-art.com/new/root/catalog/view/theme/so-t1fashion/template/product/product.tpl on line 218
2017-08-31 5:21:24 - PHP Notice:  Undefined variable: price_value in /www/roza-art.com/new/root/catalog/view/theme/so-t1fashion/template/product/product.tpl on line 230
2017-08-31 5:21:24 - PHP Notice:  Undefined variable: currency in /www/roza-art.com/new/root/catalog/view/theme/so-t1fashion/template/product/product.tpl on line 230
2017-08-31 5:30:02 - PHP Notice:  Undefined variable: count_reviews in /www/roza-art.com/new/root/catalog/view/theme/so-t1fashion/template/product/product.tpl on line 218
2017-08-31 5:30:02 - PHP Notice:  Undefined variable: price_value in /www/roza-art.com/new/root/catalog/view/theme/so-t1fashion/template/product/product.tpl on line 230
2017-08-31 5:30:02 - PHP Notice:  Undefined variable: currency in /www/roza-art.com/new/root/catalog/view/theme/so-t1fashion/template/product/product.tpl on line 230
2017-08-31 11:17:08 - PHP Notice:  Undefined variable: count_reviews in /www/roza-art.com/new/root/catalog/view/theme/so-t1fashion/template/product/product.tpl on line 218
2017-08-31 11:17:08 - PHP Notice:  Undefined variable: price_value in /www/roza-art.com/new/root/catalog/view/theme/so-t1fashion/template/product/product.tpl on line 230
2017-08-31 11:17:08 - PHP Notice:  Undefined variable: currency in /www/roza-art.com/new/root/catalog/view/theme/so-t1fashion/template/product/product.tpl on line 230
2017-08-31 11:35:26 - PHP Notice:  Undefined variable: count_reviews in /www/roza-art.com/new/root/catalog/view/theme/so-t1fashion/template/product/product.tpl on line 218
2017-08-31 11:35:26 - PHP Notice:  Undefined variable: price_value in /www/roza-art.com/new/root/catalog/view/theme/so-t1fashion/template/product/product.tpl on line 230
2017-08-31 11:35:26 - PHP Notice:  Undefined variable: currency in /www/roza-art.com/new/root/catalog/view/theme/so-t1fashion/template/product/product.tpl on line 230
2017-08-31 11:37:19 - PHP Notice:  Undefined variable: count_reviews in /www/roza-art.com/new/root/catalog/view/theme/so-t1fashion/template/product/product.tpl on line 218
2017-08-31 11:37:19 - PHP Notice:  Undefined variable: price_value in /www/roza-art.com/new/root/catalog/view/theme/so-t1fashion/template/product/product.tpl on line 230
2017-08-31 11:37:19 - PHP Notice:  Undefined variable: currency in /www/roza-art.com/new/root/catalog/view/theme/so-t1fashion/template/product/product.tpl on line 230
2017-08-31 11:47:53 - PHP Notice:  Undefined variable: count_reviews in /www/roza-art.com/new/root/catalog/view/theme/so-t1fashion/template/product/product.tpl on line 218
2017-08-31 11:47:53 - PHP Notice:  Undefined variable: price_value in /www/roza-art.com/new/root/catalog/view/theme/so-t1fashion/template/product/product.tpl on line 230
2017-08-31 11:47:53 - PHP Notice:  Undefined variable: currency in /www/roza-art.com/new/root/catalog/view/theme/so-t1fashion/template/product/product.tpl on line 230
2017-08-31 14:45:14 - PHP Notice:  Undefined variable: count_reviews in /www/roza-art.com/new/root/catalog/view/theme/so-t1fashion/template/product/product.tpl on line 218
2017-08-31 14:45:14 - PHP Notice:  Undefined variable: price_value in /www/roza-art.com/new/root/catalog/view/theme/so-t1fashion/template/product/product.tpl on line 230
2017-08-31 14:45:14 - PHP Notice:  Undefined variable: currency in /www/roza-art.com/new/root/catalog/view/theme/so-t1fashion/template/product/product.tpl on line 230
2017-09-01 20:56:56 - PHP Notice:  Undefined variable: count_reviews in /www/roza-art.com/new/root/catalog/view/theme/so-t1fashion/template/product/product.tpl on line 218
2017-09-01 20:56:57 - PHP Notice:  Undefined variable: price_value in /www/roza-art.com/new/root/catalog/view/theme/so-t1fashion/template/product/product.tpl on line 230
2017-09-01 20:56:57 - PHP Notice:  Undefined variable: currency in /www/roza-art.com/new/root/catalog/view/theme/so-t1fashion/template/product/product.tpl on line 230
2017-09-06 5:23:26 - PHP Notice:  Undefined index: specialPriceToDate in /www/roza-art.com/new/root/catalog/view/theme/so-t1fashion/template/extension/module/so_category_slider/default.tpl on line 99
2017-09-06 5:28:16 - PHP Notice:  Undefined index: specialPriceToDate in /www/roza-art.com/new/root/catalog/view/theme/so-t1fashion/template/extension/module/so_category_slider/default.tpl on line 99
2017-12-19 5:07:11 - PHP Notice:  Undefined variable: count_reviews in /www/roza-art.com/new/root/catalog/view/theme/so-t1fashion/template/product/product.tpl on line 218
2017-12-19 5:07:11 - PHP Notice:  Undefined variable: price_value in /www/roza-art.com/new/root/catalog/view/theme/so-t1fashion/template/product/product.tpl on line 230
2017-12-19 5:07:11 - PHP Notice:  Undefined variable: currency in /www/roza-art.com/new/root/catalog/view/theme/so-t1fashion/template/product/product.tpl on line 230
2017-12-20 4:53:12 - PHP Notice:  Undefined variable: count_reviews in /www/roza-art.com/new/root/catalog/view/theme/so-t1fashion/template/product/product.tpl on line 218
2017-12-20 4:53:12 - PHP Notice:  Undefined variable: price_value in /www/roza-art.com/new/root/catalog/view/theme/so-t1fashion/template/product/product.tpl on line 230
2017-12-20 4:53:12 - PHP Notice:  Undefined variable: currency in /www/roza-art.com/new/root/catalog/view/theme/so-t1fashion/template/product/product.tpl on line 230
2017-12-20 4:53:32 - PHP Notice:  Undefined variable: count_reviews in /www/roza-art.com/new/root/catalog/view/theme/so-t1fashion/template/product/product.tpl on line 218
2017-12-20 4:53:32 - PHP Notice:  Undefined variable: price_value in /www/roza-art.com/new/root/catalog/view/theme/so-t1fashion/template/product/product.tpl on line 230
2017-12-20 4:53:32 - PHP Notice:  Undefined variable: currency in /www/roza-art.com/new/root/catalog/view/theme/so-t1fashion/template/product/product.tpl on line 230
2017-12-20 5:22:59 - PHP Notice:  Undefined index: type_layout in /www/roza-art.com/new/root/admin/view/template/extension/module/so_html_content.tpl on line 95
2017-12-20 5:27:39 - PHP Notice:  Undefined index: type_layout in /www/roza-art.com/new/root/admin/view/template/extension/module/so_html_content.tpl on line 95
2017-12-21 4:54:43 - PHP Notice:  Undefined index: type_layout in /www/roza-art.com/new/root/admin/view/template/extension/module/so_html_content.tpl on line 95
2017-12-27 6:53:24 - PHP Warning:  file_put_contents(/www/roza-art.com/new/root/system/soconfig/data/cache/minify/cd5bc7d08dd46da33151af14827ab714.js): failed to open stream: No such file or directory in /www/roza-art.com/new/root/system/soconfig/classes/soconfig_minifier.php on line 81
2017-12-27 6:53:24 - PHP Warning:  file_put_contents(/www/roza-art.com/new/root/system/soconfig/data/cache/minify/256728ea6270d49bb8f30883676cebc3.js): failed to open stream: No such file or directory in /www/roza-art.com/new/root/system/soconfig/classes/soconfig_minifier.php on line 81
2017-12-27 6:53:24 - PHP Warning:  file_put_contents(/www/roza-art.com/new/root/system/soconfig/data/cache/minify/4357684e2544943cffe5b4577d2b967d.js): failed to open stream: No such file or directory in /www/roza-art.com/new/root/system/soconfig/classes/soconfig_minifier.php on line 81
2017-12-27 6:53:24 - PHP Warning:  file_put_contents(/www/roza-art.com/new/root/system/soconfig/data/cache/minify/558b007b4820b90d6f760165c4cf3d2f.js): failed to open stream: No such file or directory in /www/roza-art.com/new/root/system/soconfig/classes/soconfig_minifier.php on line 81
2017-12-27 6:53:24 - PHP Warning:  file_put_contents(/www/roza-art.com/new/root/system/soconfig/data/cache/minify/79e745d895be8add5b5c843f70b9ef2b.js): failed to open stream: No such file or directory in /www/roza-art.com/new/root/system/soconfig/classes/soconfig_minifier.php on line 81
2017-12-27 6:53:24 - PHP Warning:  file_put_contents(/www/roza-art.com/new/root/system/soconfig/data/cache/minify/4d0c4fd8d898f6e7c9406a0047d1e64c.js): failed to open stream: No such file or directory in /www/roza-art.com/new/root/system/soconfig/classes/soconfig_minifier.php on line 81
2017-12-27 6:53:24 - PHP Warning:  file_put_contents(/www/roza-art.com/new/root/system/soconfig/data/cache/minify/a076ca3c451e69d29a26285df1122133.js): failed to open stream: No such file or directory in /www/roza-art.com/new/root/system/soconfig/classes/soconfig_minifier.php on line 81
2017-12-27 6:53:24 - PHP Warning:  file_put_contents(/www/roza-art.com/new/root/system/soconfig/data/cache/minify/cd96322734c386fdbb26c12c9cb0d6e9.js): failed to open stream: No such file or directory in /www/roza-art.com/new/root/system/soconfig/classes/soconfig_minifier.php on line 81
2017-12-27 6:53:24 - PHP Warning:  file_put_contents(/www/roza-art.com/new/root/system/soconfig/data/cache/minify/a51616c395d0f65b50dee279e3aad647.js): failed to open stream: No such file or directory in /www/roza-art.com/new/root/system/soconfig/classes/soconfig_minifier.php on line 81
2017-12-27 6:53:24 - PHP Warning:  file_put_contents(/www/roza-art.com/new/root/system/soconfig/data/cache/minify/58d0c8ba6433accac653cdefa1341a73.js): failed to open stream: No such file or directory in /www/roza-art.com/new/root/system/soconfig/classes/soconfig_minifier.php on line 81
2017-12-27 6:53:24 - PHP Warning:  flock() expects parameter 1 to be resource, boolean given in /www/roza-art.com/new/root/system/soconfig/classes/soconfig_minifier.php on line 86
2017-12-27 6:53:24 - PHP Warning:  flock() expects parameter 1 to be resource, boolean given in /www/roza-art.com/new/root/system/soconfig/classes/soconfig_minifier.php on line 98
2017-12-27 6:53:24 - PHP Warning:  fclose() expects parameter 1 to be resource, boolean given in /www/roza-art.com/new/root/system/soconfig/classes/soconfig_minifier.php on line 99
2017-12-27 6:54:47 - PHP Warning:  file_put_contents(/www/roza-art.com/new/root/system/soconfig/data/cache/minify/cd5bc7d08dd46da33151af14827ab714.js): failed to open stream: No such file or directory in /www/roza-art.com/new/root/system/soconfig/classes/soconfig_minifier.php on line 81
2017-12-27 6:54:47 - PHP Warning:  file_put_contents(/www/roza-art.com/new/root/system/soconfig/data/cache/minify/256728ea6270d49bb8f30883676cebc3.js): failed to open stream: No such file or directory in /www/roza-art.com/new/root/system/soconfig/classes/soconfig_minifier.php on line 81
2017-12-27 6:54:47 - PHP Warning:  file_put_contents(/www/roza-art.com/new/root/system/soconfig/data/cache/minify/4357684e2544943cffe5b4577d2b967d.js): failed to open stream: No such file or directory in /www/roza-art.com/new/root/system/soconfig/classes/soconfig_minifier.php on line 81
2017-12-27 6:54:47 - PHP Warning:  file_put_contents(/www/roza-art.com/new/root/system/soconfig/data/cache/minify/558b007b4820b90d6f760165c4cf3d2f.js): failed to open stream: No such file or directory in /www/roza-art.com/new/root/system/soconfig/classes/soconfig_minifier.php on line 81
2017-12-27 6:54:47 - PHP Warning:  file_put_contents(/www/roza-art.com/new/root/system/soconfig/data/cache/minify/79e745d895be8add5b5c843f70b9ef2b.js): failed to open stream: No such file or directory in /www/roza-art.com/new/root/system/soconfig/classes/soconfig_minifier.php on line 81
2017-12-27 6:54:47 - PHP Warning:  file_put_contents(/www/roza-art.com/new/root/system/soconfig/data/cache/minify/4d0c4fd8d898f6e7c9406a0047d1e64c.js): failed to open stream: No such file or directory in /www/roza-art.com/new/root/system/soconfig/classes/soconfig_minifier.php on line 81
2017-12-27 6:54:47 - PHP Warning:  file_put_contents(/www/roza-art.com/new/root/system/soconfig/data/cache/minify/a076ca3c451e69d29a26285df1122133.js): failed to open stream: No such file or directory in /www/roza-art.com/new/root/system/soconfig/classes/soconfig_minifier.php on line 81
2017-12-27 6:54:47 - PHP Warning:  file_put_contents(/www/roza-art.com/new/root/system/soconfig/data/cache/minify/cd96322734c386fdbb26c12c9cb0d6e9.js): failed to open stream: No such file or directory in /www/roza-art.com/new/root/system/soconfig/classes/soconfig_minifier.php on line 81
2017-12-27 6:54:47 - PHP Warning:  file_put_contents(/www/roza-art.com/new/root/system/soconfig/data/cache/minify/a51616c395d0f65b50dee279e3aad647.js): failed to open stream: No such file or directory in /www/roza-art.com/new/root/system/soconfig/classes/soconfig_minifier.php on line 81
2017-12-27 6:54:47 - PHP Warning:  file_put_contents(/www/roza-art.com/new/root/system/soconfig/data/cache/minify/58d0c8ba6433accac653cdefa1341a73.js): failed to open stream: No such file or directory in /www/roza-art.com/new/root/system/soconfig/classes/soconfig_minifier.php on line 81
2017-12-27 6:54:47 - PHP Warning:  flock() expects parameter 1 to be resource, boolean given in /www/roza-art.com/new/root/system/soconfig/classes/soconfig_minifier.php on line 86
2017-12-27 6:54:47 - PHP Warning:  flock() expects parameter 1 to be resource, boolean given in /www/roza-art.com/new/root/system/soconfig/classes/soconfig_minifier.php on line 98
2017-12-27 6:54:47 - PHP Warning:  fclose() expects parameter 1 to be resource, boolean given in /www/roza-art.com/new/root/system/soconfig/classes/soconfig_minifier.php on line 99
2017-12-27 7:06:30 - PHP Notice:  Undefined variable: count_reviews in /www/roza-art.com/new/root/catalog/view/theme/so-t1fashion/template/product/product.tpl on line 218
2017-12-27 7:06:30 - PHP Notice:  Undefined variable: price_value in /www/roza-art.com/new/root/catalog/view/theme/so-t1fashion/template/product/product.tpl on line 230
2017-12-27 7:06:30 - PHP Notice:  Undefined variable: currency in /www/roza-art.com/new/root/catalog/view/theme/so-t1fashion/template/product/product.tpl on line 230
2017-12-30 6:36:18 - PHP Notice:  Undefined variable: count_reviews in /www/roza-art.com/new/root/catalog/view/theme/so-t1fashion/template/product/product.tpl on line 218
2017-12-30 6:36:18 - PHP Notice:  Undefined variable: price_value in /www/roza-art.com/new/root/catalog/view/theme/so-t1fashion/template/product/product.tpl on line 230
2017-12-30 6:36:18 - PHP Notice:  Undefined variable: currency in /www/roza-art.com/new/root/catalog/view/theme/so-t1fashion/template/product/product.tpl on line 230
2017-12-30 6:39:08 - PHP Notice:  Undefined variable: count_reviews in /www/roza-art.com/new/root/catalog/view/theme/so-t1fashion/template/product/product.tpl on line 218
2017-12-30 6:39:08 - PHP Notice:  Undefined variable: price_value in /www/roza-art.com/new/root/catalog/view/theme/so-t1fashion/template/product/product.tpl on line 230
2017-12-30 6:39:08 - PHP Notice:  Undefined variable: currency in /www/roza-art.com/new/root/catalog/view/theme/so-t1fashion/template/product/product.tpl on line 230
2017-12-30 6:47:32 - PHP Notice:  Undefined variable: count_reviews in /www/roza-art.com/new/root/catalog/view/theme/so-t1fashion/template/product/product.tpl on line 218
2017-12-30 6:47:32 - PHP Notice:  Undefined variable: price_value in /www/roza-art.com/new/root/catalog/view/theme/so-t1fashion/template/product/product.tpl on line 230
2017-12-30 6:47:32 - PHP Notice:  Undefined variable: currency in /www/roza-art.com/new/root/catalog/view/theme/so-t1fashion/template/product/product.tpl on line 230
